<?xml version="1.0" encoding="UTF-8"?>
<!-- Generated by org.testng.reporters.JUnitXMLReporter -->
<testsuite ignored="0" hostname="Loveenas-MacBook-Pro.local" failures="1" tests="2" name="TestChrome" time="22.851" errors="0" timestamp="2024-10-14T20:01:37 GST">
  <testcase classname="script.TestDemo2" name="test1" time="0.008"/>
  <testcase classname="script.TestDemo" name="test1" time="0.675">
    <failure type="java.lang.AssertionError" message="null">
      <![CDATA[java.lang.AssertionError: null
at script.TestDemo.test1(TestDemo.java:16)
at java.base/java.util.ArrayList.forEach(ArrayList.java:1511)
... Removed 29 stack frames]]>
    </failure>
  </testcase> <!-- test1 -->
</testsuite> <!-- TestChrome -->
